{
  "RSpec": {
    "coverage": {
      "/Users/calebwittman/turing/final_project/enigma/spec/code_ring_spec.rb": {
        "lines": [
          1,
          null,
          1,
          null,
          1,
          1,
          1,
          null,
          1,
          null,
          null,
          1,
          1,
          null,
          1,
          null,
          null,
          1,
          1,
          null,
          1,
          null,
          null,
          1,
          1,
          null,
          1,
          null,
          null,
          1,
          1,
          null,
          1,
          null,
          null,
          null,
          1,
          1,
          1,
          null,
          1,
          null,
          1,
          null,
          null,
          null,
          1,
          1,
          1,
          null,
          1,
          null,
          1,
          null,
          null,
          null,
          1,
          1,
          1,
          null,
          1,
          null,
          1,
          null,
          null,
          null,
          1,
          1,
          1,
          null,
          1,
          null,
          1,
          null,
          null,
          null,
          1,
          1,
          1,
          null,
          1,
          null,
          null,
          null,
          1,
          1,
          1,
          null,
          1,
          null,
          null,
          null,
          1,
          1,
          1,
          null,
          1,
          null,
          null,
          null,
          1,
          1,
          1,
          null,
          1,
          null,
          null,
          null,
          1,
          1,
          1,
          null,
          1,
          null,
          null,
          null,
          1,
          1,
          1,
          null,
          1,
          null,
          null,
          null,
          1,
          1,
          1,
          null,
          1,
          null,
          null,
          null,
          1,
          1,
          1,
          null,
          1,
          null,
          null,
          null,
          1,
          1,
          1,
          null,
          1,
          null,
          null,
          null,
          1,
          1,
          1,
          null,
          1,
          null,
          null,
          null,
          1,
          1,
          1,
          null,
          1,
          null,
          1,
          null,
          null,
          null,
          1,
          1,
          1,
          1,
          null,
          1,
          1,
          null,
          null,
          null,
          1,
          1,
          1,
          1,
          null,
          1,
          1,
          null,
          null,
          null,
          1,
          1,
          1,
          1,
          null,
          1,
          1,
          null,
          null,
          null,
          1,
          1,
          1,
          1,
          null,
          1,
          1,
          null,
          null,
          null
        ]
      },
      "/Users/calebwittman/turing/final_project/enigma/lib/code_ring.rb": {
        "lines": [
          1,
          1,
          null,
          null,
          null,
          null,
          1,
          48,
          48,
          48,
          48,
          null,
          null,
          1,
          180,
          null,
          null,
          1,
          179,
          895,
          null,
          null,
          null,
          1,
          178,
          null,
          890,
          178,
          null,
          null,
          1,
          177,
          708,
          null,
          null,
          null,
          1,
          181,
          null,
          null,
          1,
          180,
          null,
          null,
          1,
          179,
          null,
          null,
          1,
          178,
          null,
          null,
          1,
          177,
          708,
          null,
          null,
          null,
          1,
          47,
          null,
          null,
          1,
          43,
          null,
          null,
          1,
          43,
          null,
          null,
          1,
          43,
          null,
          null,
          1,
          34,
          34,
          null,
          null,
          null,
          1,
          33,
          33,
          46,
          null,
          33,
          null,
          null,
          1,
          196,
          null,
          null,
          1,
          156,
          null,
          null,
          1,
          172,
          null,
          null,
          1,
          22,
          null,
          null
        ]
      },
      "/Users/calebwittman/turing/final_project/enigma/spec/decoder_spec.rb": {
        "lines": [
          1,
          null,
          1,
          null,
          1,
          1,
          1,
          null,
          1,
          null,
          null,
          1,
          1,
          null,
          1,
          null,
          null,
          1,
          1,
          null,
          1,
          null,
          null,
          null,
          1,
          1,
          1,
          null,
          1,
          null,
          null,
          null,
          1,
          1,
          1,
          1,
          null,
          1,
          null,
          null,
          null,
          1,
          1,
          1,
          1,
          null,
          1,
          null,
          null,
          null,
          1,
          1,
          1,
          1,
          null,
          1,
          null,
          null,
          null,
          1,
          1,
          1,
          1,
          null,
          1,
          null,
          null,
          null,
          1,
          1,
          1,
          null,
          1,
          null,
          null,
          null,
          1,
          1,
          1,
          null,
          1,
          1,
          null,
          null,
          null,
          1,
          1,
          1,
          null,
          1,
          null,
          null,
          null
        ]
      },
      "/Users/calebwittman/turing/final_project/enigma/lib/decoder.rb": {
        "lines": [
          1,
          null,
          1,
          1,
          null,
          null,
          1,
          11,
          11,
          null,
          null,
          1,
          147,
          null,
          null,
          1,
          74,
          null,
          null,
          1,
          73,
          null,
          null,
          1,
          72,
          null,
          null,
          1,
          81,
          71,
          10,
          0,
          null,
          null,
          null,
          null,
          null,
          1,
          15,
          null,
          15,
          20,
          null,
          20,
          null,
          20,
          null,
          20,
          null,
          15,
          null,
          null,
          1,
          13,
          null,
          null,
          1,
          12,
          null,
          null
        ]
      },
      "/Users/calebwittman/turing/final_project/enigma/spec/encoder_spec.rb": {
        "lines": [
          1,
          null,
          1,
          null,
          1,
          1,
          1,
          null,
          1,
          null,
          null,
          1,
          1,
          null,
          1,
          null,
          null,
          1,
          1,
          null,
          1,
          null,
          null,
          null,
          1,
          1,
          1,
          null,
          1,
          null,
          null,
          null,
          1,
          1,
          1,
          1,
          null,
          1,
          null,
          null,
          null,
          1,
          1,
          1,
          1,
          null,
          1,
          null,
          null,
          null,
          1,
          1,
          1,
          1,
          null,
          1,
          null,
          null,
          null,
          1,
          1,
          1,
          1,
          null,
          1,
          null,
          null,
          null,
          1,
          1,
          1,
          null,
          1,
          null,
          null,
          null,
          1,
          1,
          1,
          null,
          1,
          1,
          null,
          null,
          null,
          1,
          1,
          1,
          null,
          1,
          null,
          null,
          null
        ]
      },
      "/Users/calebwittman/turing/final_project/enigma/lib/encoder.rb": {
        "lines": [
          1,
          null,
          1,
          1,
          null,
          null,
          1,
          13,
          13,
          null,
          null,
          1,
          165,
          null,
          null,
          1,
          82,
          null,
          null,
          1,
          81,
          null,
          null,
          1,
          80,
          null,
          null,
          1,
          89,
          79,
          10,
          0,
          null,
          10,
          null,
          null,
          null,
          1,
          17,
          17,
          null,
          22,
          null,
          22,
          null,
          22,
          null,
          22,
          null,
          17,
          null,
          null,
          1,
          15,
          null,
          null,
          1,
          14,
          null,
          null
        ]
      },
      "/Users/calebwittman/turing/final_project/enigma/spec/enigma_spec.rb": {
        "lines": [
          1,
          null,
          1,
          null,
          1,
          1,
          1,
          null,
          1,
          null,
          null,
          1,
          1,
          null,
          1,
          null,
          null,
          1,
          1,
          null,
          1,
          null,
          null,
          null,
          1,
          1,
          1,
          1,
          null,
          null,
          1,
          null,
          null,
          null,
          null,
          1,
          null,
          null,
          null,
          1,
          1,
          1,
          1,
          null,
          null,
          1,
          null,
          null,
          null,
          null,
          1,
          null,
          null,
          null,
          1,
          1,
          1,
          null,
          1,
          null,
          null,
          null,
          1,
          1,
          1,
          null,
          1,
          null,
          null,
          null,
          1,
          1,
          1,
          null,
          1,
          null,
          null,
          null,
          1,
          1,
          1,
          null,
          1,
          null,
          null,
          null
        ]
      },
      "/Users/calebwittman/turing/final_project/enigma/lib/enigma.rb": {
        "lines": [
          1,
          1,
          null,
          1,
          1,
          null,
          null,
          1,
          9,
          9,
          null,
          null,
          1,
          1,
          1,
          null,
          null,
          1,
          null,
          null,
          null,
          null,
          null,
          1,
          1,
          1,
          null,
          null,
          1,
          null,
          null,
          null,
          null,
          null,
          1,
          3,
          null,
          null,
          1,
          2,
          null,
          null,
          1,
          1,
          null,
          null,
          1,
          1,
          null,
          null
        ]
      }
    },
    "timestamp": 1619450018
  }
}
